
Collecting usage statistics. To deactivate, set browser.gatherUsageStats to False.


  You can now view your Streamlit app in your browser.

  Network URL: http://172.31.38.8:8501
  External URL: http://54.180.119.122:8501


Collecting usage statistics. To deactivate, set browser.gatherUsageStats to False.


  You can now view your Streamlit app in your browser.

  Network URL: http://172.31.38.8:8501
  External URL: http://54.180.119.122:8501

2538.360107 2523.5
2538.360107 2523.5
2538.360107 2523.5
2538.360107 2523.5
2538.360107 2523.5
nan nan
2531.350098 2489.02002
2531.350098 2489.02002
2531.350098 2489.02002
2531.350098 2489.02002
2531.350098 2489.02002
2531.350098 2489.02002
2531.350098 2489.02002
2531.350098 2489.02002
2531.350098 2489.02002
2531.350098 2489.02002
2531.350098 2489.02002
2531.350098 2489.02002
2531.350098 2489.02002
2531.350098 2489.02002
2531.350098 2489.02002
2531.350098 2489.02002
2531.350098 2489.02002
2531.350098 2489.02002
2531.350098 2489.02002
2531.350098 2489.02002
2531.350098 2489.02002
2531.350098 2489.02002
2531.350098 2489.02002
  Stopping...
